00:33:48 **** Incremental Build of configuration Debug for project stop_watch ****
make all 
Building file: ../main.c
Invoking: AVR Compiler
avr-gcc -Wall -g2 -gstabs -O0 -fpack-struct -fshort-enums -ffunction-sections -fdata-sections -std=gnu99 -funsigned-char -funsigned-bitfields -mmcu=atmega32 -DF_CPU=16000000UL -MMD -MP -MF"main.d" -MT"main.o" -c -o "main.o" "../main.c"
In file included from ../main.c:10:
c:/winavr-20100110/lib/gcc/../../avr/include/util/delay.h:90:3: warning: #warning "Compiler optimizations disabled; functions from <util/delay.h> won't work as designed"
Finished building: ../main.c
 
Building target: stop_watch.elf
Invoking: AVR C Linker
avr-gcc -Wl,-Map,stop_watch.map -mmcu=atmega32 -o "stop_watch.elf"  ./main.o   
Finished building target: stop_watch.elf
 
Invoking: AVR Create Extended Listing
avr-objdump -h -S stop_watch.elf  >"stop_watch.lss"
Finished building: stop_watch.lss
 
Invoking: Print Size
avr-size --format=avr --mcu=atmega32 stop_watch.elf
AVR Memory Usage
----------------
Device: atmega32

Program:    6350 bytes (19.4% Full)
(.text + .data + .bootloader)

Data:         13 bytes (0.6% Full)
(.data + .bss + .noinit)


Finished building: sizedummy
 

00:33:49 Build Finished. 0 errors, 1 warnings. (took 710ms)

